<?xml version="1.0" encoding="UTF-8"?>
<!-- Generated by org.testng.reporters.JUnitReportReporter -->
<testsuite hostname="LOVELESH" failures="0" tests="1" name="cucumber.TestNGTestRunner" time="18.813" errors="0" timestamp="2024-03-14T13:23:02 IST" skipped="0">
  <testcase classname="cucumber.TestNGTestRunner" name="runScenario" time="18.813"/>
</testsuite> <!-- cucumber.TestNGTestRunner -->
