<?xml version="1.0" encoding="UTF-8"?>
<!-- Generated by org.testng.reporters.JUnitReportReporter -->
<testsuite hostname="LOVELESH" failures="0" tests="1" name="cucumber.TestNGTestRunner" time="20.387" errors="0" timestamp="2024-03-14T13:41:36 IST" skipped="0">
  <testcase classname="cucumber.TestNGTestRunner" name="runScenario" time="20.387"/>
</testsuite> <!-- cucumber.TestNGTestRunner -->
