<?xml version="1.0" encoding="UTF-8"?>
<!-- Generated by org.testng.reporters.JUnitReportReporter -->
<testsuite hostname="LOVELESH" failures="0" tests="2" name="rahulshettyacademy.tests.ErrorValidation" time="24.100" errors="0" timestamp="2024-03-11T17:35:33 IST" skipped="0">
  <testcase classname="rahulshettyacademy.tests.ErrorValidation" name="ProductErrorValidation" time="13.070"/>
  <testcase classname="rahulshettyacademy.tests.ErrorValidation" name="LoginErrorValidation" time="11.030"/>
</testsuite> <!-- rahulshettyacademy.tests.ErrorValidation -->
